<?xml version="1.0" encoding="UTF-8"?>
<!-- Generated by org.testng.reporters.JUnitReportReporter -->
<testsuite hostname="Tushar" failures="0" tests="1" name="MyTestCases.TC_01" time="9.576" errors="0" timestamp="20 Dec 2023 11:05:51 GMT" skipped="0">
  <testcase classname="MyTestCases.TC_01" name="logintest" time="9.576"/>
</testsuite> <!-- MyTestCases.TC_01 -->
