<?xml version="1.0" encoding="UTF-8"?>
<!-- Generated by org.testng.reporters.JUnitReportReporter -->
<testsuite hostname="Tushar" failures="0" tests="2" name="MyTestCases.TC_02" time="23.537" errors="0" timestamp="20 Dec 2023 13:01:03 GMT" skipped="0">
  <testcase classname="MyTestCases.TC_02" name="logintest" time="10.516"/>
  <testcase classname="MyTestCases.TC_02" name="reviewtest" time="13.021"/>
</testsuite> <!-- MyTestCases.TC_02 -->
