<?xml version="1.0" encoding="UTF-8"?>
<!-- Generated by org.testng.reporters.JUnitReportReporter -->
<testsuite hostname="Tushar" failures="0" tests="1" name="ExtentReportBasicDemo.DemoExtentReport" time="0.445" errors="0" timestamp="20 Dec 2023 12:46:14 GMT" skipped="0">
  <testcase classname="ExtentReportBasicDemo.DemoExtentReport" name="TestCase_001" time="0.445"/>
</testsuite> <!-- ExtentReportBasicDemo.DemoExtentReport -->
